<html>
<head>
<title>TestNG:  Test</title>
<link href="../testng.css" rel="stylesheet" type="text/css" />
<link href="../my-testng.css" rel="stylesheet" type="text/css" />

<style type="text/css">
.log { display: none;} 
.stack-trace { display: none;} 
</style>
<script type="text/javascript">
<!--
function flip(e) {
  current = e.style.display;
  if (current == 'block') {
    e.style.display = 'none';
    return 0;
  }
  else {
    e.style.display = 'block';
    return 1;
  }
}

function toggleBox(szDivId, elem, msg1, msg2)
{
  var res = -1;  if (document.getElementById) {
    res = flip(document.getElementById(szDivId));
  }
  else if (document.all) {
    // this is the way old msie versions work
    res = flip(document.all[szDivId]);
  }
  if(elem) {
    if(res == 0) elem.innerHTML = msg1; else elem.innerHTML = msg2;
  }

}

function toggleAllBoxes() {
  if (document.getElementsByTagName) {
    d = document.getElementsByTagName('div');
    for (i = 0; i < d.length; i++) {
      if (d[i].className == 'log') {
        flip(d[i]);
      }
    }
  }
}

// -->
</script>

</head>
<body>
<h2 align='center'>Test</h2><table border='1' align="center">
<tr>
<td>Tests passed/Failed/Skipped:</td><td>3/1/0</td>
</tr><tr>
<td>Started on:</td><td>Tue Apr 08 07:00:21 IST 2025</td>
</tr>
<tr><td>Total time:</td><td>29 seconds (29015 ms)</td>
</tr><tr>
<td>Included groups:</td><td></td>
</tr><tr>
<td>Excluded groups:</td><td></td>
</tr>
</table><p/>
<small><i>(Hover the method name to see the test class name)</i></small><p/>
<table width='100%' border='1' class='invocation-failed'>
<tr><td colspan='4' align='center'><b>FAILED TESTS</b></td></tr>
<tr><td><b>Test method</b></td>
<td><b>Attribute(s)</b></td>
<td width="30%"><b>Exception</b></td>
<td width="10%"><b>Time (seconds)</b></td>
<td><b>Instance</b></td>
</tr>
<tr>
<td title='com.runner.RunnerFile.runScenario()'><b>runScenario</b><br>Test class: com.runner.RunnerFile<br>Test method: Runs Cucumber Scenarios<br>Parameters: "User login and purchase 3rd Album using DataTable", "Click the item and add it to the cart"</td>
<td><div><pre>org.openqa.selenium.StaleElementReferenceException: stale element reference: stale element not found
  (Session info: chrome=134.0.6998.179)
For documentation on this error, please visit: https://www.selenium.dev/documentation/webdriver/troubleshooting/errors#stale-element-reference-exception
Build info: version: &apos;4.30.0&apos;, revision: &apos;509c7f17cc*&apos;
System info: os.name: &apos;Windows 11&apos;, os.arch: &apos;amd64&apos;, os.version: &apos;10.0&apos;, java.version: &apos;21.0.6&apos;
Driver info: org.openqa.selenium.chrome.ChromeDriver
Command: [1c41a3380d6094f01907906b56bd22fd, clickElement {id=f.33787452CF2FF3BB6EA5E93F65FED207.d.8C2B69500DE2C1776A21A9839C3483E3.e.53}]
Capabilities {acceptInsecureCerts: false, browserName: chrome, browserVersion: 134.0.6998.179, chrome: {chromedriverVersion: 134.0.6998.165 (fd886e2cb29..., userDataDir: C:\Users\thous\AppData\Loca...}, fedcm:accounts: true, goog:chromeOptions: {debuggerAddress: localhost:64201}, networkConnectionEnabled: false, pageLoadStrategy: normal, platformName: windows, proxy: Proxy(), se:cdp: ws://localhost:64201/devtoo..., se:cdpVersion: 134.0.6998.179, setWindowRect: true, strictFileInteractability: false, timeouts: {implicit: 0, pageLoad: 300000, script: 30000}, unhandledPromptBehavior: dismiss and notify, webauthn:extension:credBlob: true, webauthn:extension:largeBlob: true, webauthn:extension:minPinLength: true, webauthn:extension:prf: true, webauthn:virtualAuthenticators: true}
Element: [[ChromeDriver: chrome on windows (1c41a3380d6094f01907906b56bd22fd)] -&gt; link text: Digital downloads]
Session ID: 1c41a3380d6094f01907906b56bd22fd
	at org.openqa.selenium.remote.ErrorCodec.decode(ErrorCodec.java:167)
	at org.openqa.selenium.remote.codec.w3c.W3CHttpResponseCodec.decode(W3CHttpResponseCodec.java:138)
	at org.openqa.selenium.remote.codec.w3c.W3CHttpResponseCodec.decode(W3CHttpResponseCodec.java:50)
	at org.openqa.selenium.remote.HttpCommandExecutor.execute(HttpCommandExecutor.java:215)
	at org.openqa.selenium.remote.service.DriverCommandExecutor.invokeExecute(DriverCommandExecutor.java:216)
	at org.openqa.selenium.remote.service.DriverCommandExecutor.execute(DriverCommandExecutor.java:174)
	at org.openqa.selenium.remote.RemoteWebDriver.execute(RemoteWebDriver.java:545)
	at org.openqa.selenium.remote.RemoteWebElement.execute(RemoteWebElement.java:223)
	at org.openqa.selenium.remote.RemoteWebElement.click(RemoteWebElement.java:76)
	at com.pages.PurchaseAlbumPage.clickDigitalDownloads(PurchaseAlbumPage.java:23)
	at com.actions.PurchaseAlbumActions.purchaseAlbum(PurchaseAlbumActions.java:16)
	at com.definitions.PurchaseAlbumStepDefinitions.user_navigates_to_digital_downloads_and_purchases(PurchaseAlbumStepDefinitions.java:32)
	at ✽.User navigates to Digital Downloads and purchases &quot;3rd Album&quot;(file:///C:/Users/thous/git/DemoWebShopProject/com.DemoWebShopProject/src/test/resources/PurchaseAlbum.feature:27)
... Removed 3 stack frames</pre></div><a href='#' onClick='toggleBox("stack-trace1844941220", this, "Click to show all stack frames", "Click to hide stack frames")'>Click to show all stack frames</a>
<div class='stack-trace' id='stack-trace1844941220'><pre>org.openqa.selenium.StaleElementReferenceException: stale element reference: stale element not found
  (Session info: chrome=134.0.6998.179)
For documentation on this error, please visit: https://www.selenium.dev/documentation/webdriver/troubleshooting/errors#stale-element-reference-exception
Build info: version: &apos;4.30.0&apos;, revision: &apos;509c7f17cc*&apos;
System info: os.name: &apos;Windows 11&apos;, os.arch: &apos;amd64&apos;, os.version: &apos;10.0&apos;, java.version: &apos;21.0.6&apos;
Driver info: org.openqa.selenium.chrome.ChromeDriver
Command: [1c41a3380d6094f01907906b56bd22fd, clickElement {id=f.33787452CF2FF3BB6EA5E93F65FED207.d.8C2B69500DE2C1776A21A9839C3483E3.e.53}]
Capabilities {acceptInsecureCerts: false, browserName: chrome, browserVersion: 134.0.6998.179, chrome: {chromedriverVersion: 134.0.6998.165 (fd886e2cb29..., userDataDir: C:\Users\thous\AppData\Loca...}, fedcm:accounts: true, goog:chromeOptions: {debuggerAddress: localhost:64201}, networkConnectionEnabled: false, pageLoadStrategy: normal, platformName: windows, proxy: Proxy(), se:cdp: ws://localhost:64201/devtoo..., se:cdpVersion: 134.0.6998.179, setWindowRect: true, strictFileInteractability: false, timeouts: {implicit: 0, pageLoad: 300000, script: 30000}, unhandledPromptBehavior: dismiss and notify, webauthn:extension:credBlob: true, webauthn:extension:largeBlob: true, webauthn:extension:minPinLength: true, webauthn:extension:prf: true, webauthn:virtualAuthenticators: true}
Element: [[ChromeDriver: chrome on windows (1c41a3380d6094f01907906b56bd22fd)] -&gt; link text: Digital downloads]
Session ID: 1c41a3380d6094f01907906b56bd22fd
	at java.base/jdk.internal.reflect.DirectConstructorHandleAccessor.newInstance(DirectConstructorHandleAccessor.java:62)
	at java.base/java.lang.reflect.Constructor.newInstanceWithCaller(Constructor.java:502)
	at java.base/java.lang.reflect.Constructor.newInstance(Constructor.java:486)
	at org.openqa.selenium.remote.ErrorCodec.decode(ErrorCodec.java:167)
	at org.openqa.selenium.remote.codec.w3c.W3CHttpResponseCodec.decode(W3CHttpResponseCodec.java:138)
	at org.openqa.selenium.remote.codec.w3c.W3CHttpResponseCodec.decode(W3CHttpResponseCodec.java:50)
	at org.openqa.selenium.remote.HttpCommandExecutor.execute(HttpCommandExecutor.java:215)
	at org.openqa.selenium.remote.service.DriverCommandExecutor.invokeExecute(DriverCommandExecutor.java:216)
	at org.openqa.selenium.remote.service.DriverCommandExecutor.execute(DriverCommandExecutor.java:174)
	at org.openqa.selenium.remote.RemoteWebDriver.execute(RemoteWebDriver.java:545)
	at org.openqa.selenium.remote.RemoteWebElement.execute(RemoteWebElement.java:223)
	at org.openqa.selenium.remote.RemoteWebElement.click(RemoteWebElement.java:76)
	at com.pages.PurchaseAlbumPage.clickDigitalDownloads(PurchaseAlbumPage.java:23)
	at com.actions.PurchaseAlbumActions.purchaseAlbum(PurchaseAlbumActions.java:16)
	at com.definitions.PurchaseAlbumStepDefinitions.user_navigates_to_digital_downloads_and_purchases(PurchaseAlbumStepDefinitions.java:32)
	at ✽.User navigates to Digital Downloads and purchases &quot;3rd Album&quot;(file:///C:/Users/thous/git/DemoWebShopProject/com.DemoWebShopProject/src/test/resources/PurchaseAlbum.feature:27)
</pre></div></td>
<td>5</td>
<td>com.runner.RunnerFile@76f2bbc1</td></tr>
</table><p>
<table width='100%' border='1' class='invocation-passed'>
<tr><td colspan='4' align='center'><b>PASSED TESTS</b></td></tr>
<tr><td><b>Test method</b></td>
<td><b>Attribute(s)</b></td>
<td width="30%"><b>Exception</b></td>
<td width="10%"><b>Time (seconds)</b></td>
<td><b>Instance</b></td>
</tr>
<tr>
<td title='com.runner.RunnerFile.runScenario()'><b>runScenario</b><br>Test class: com.runner.RunnerFile<br>Test method: Runs Cucumber Scenarios<br>Parameters: "Login with valid and invalid credentials", "I want to login to the application"</td>
<td></td>
<td>6</td>
<td>com.runner.RunnerFile@76f2bbc1</td></tr>
<tr>
<td title='com.runner.RunnerFile.runScenario()'><b>runScenario</b><br>Test class: com.runner.RunnerFile<br>Test method: Runs Cucumber Scenarios<br>Parameters: "User adds an item to the wishlist after logging in using Excel credentials", "Add a product to the wishlist"</td>
<td></td>
<td>8</td>
<td>com.runner.RunnerFile@76f2bbc1</td></tr>
<tr>
<td title='com.runner.RunnerFile.runScenario()'><b>runScenario</b><br>Test class: com.runner.RunnerFile<br>Test method: Runs Cucumber Scenarios<br>Parameters: "Login with valid and invalid credentials", "I want to login to the application"</td>
<td></td>
<td>6</td>
<td>com.runner.RunnerFile@76f2bbc1</td></tr>
</table><p>
</body>
</html>